60
+2.000000e+00   +0.000000e+00   +5.000000e+00
+2.000000e+00   +0.000000e+00   -5.000000e+00
+1.000000e+00   +1.732051e+00   -5.000000e+00
+2.000000e+00   +0.000000e+00   -5.000000e+00
-1.000000e+00   +1.732051e+00   -5.000000e+00
+1.000000e+00   +1.732051e+00   -5.000000e+00
-1.000000e+00   +1.732051e+00   -5.000000e+00
+2.000000e+00   +0.000000e+00   -5.000000e+00
-1.000000e+00   -1.732051e+00   -5.000000e+00
+2.000000e+00   +0.000000e+00   -5.000000e+00
+2.000000e+00   +0.000000e+00   +5.000000e+00
+1.000000e+00   -1.732051e+00   -5.000000e+00
-1.000000e+00   -1.732051e+00   -5.000000e+00
+2.000000e+00   +0.000000e+00   -5.000000e+00
+1.000000e+00   -1.732051e+00   -5.000000e+00
-1.000000e+00   +1.732051e+00   -5.000000e+00
-1.000000e+00   -1.732051e+00   -5.000000e+00
-2.000000e+00   +2.449294e-16   -5.000000e+00
+1.000000e+00   +1.732051e+00   -5.000000e+00
-1.000000e+00   +1.732051e+00   -5.000000e+00
+1.000000e+00   +1.732051e+00   +5.000000e+00
+2.000000e+00   +0.000000e+00   +5.000000e+00
+1.000000e+00   +1.732051e+00   -5.000000e+00
+1.000000e+00   +1.732051e+00   +5.000000e+00
+2.000000e+00   +0.000000e+00   +5.000000e+00
+1.000000e+00   +1.732051e+00   +5.000000e+00
-1.000000e+00   +1.732051e+00   +5.000000e+00
-1.000000e+00   +1.732051e+00   -5.000000e+00
-2.000000e+00   +2.449294e-16   -5.000000e+00
-1.000000e+00   +1.732051e+00   +5.000000e+00
+1.000000e+00   +1.732051e+00   +5.000000e+00
-1.000000e+00   +1.732051e+00   -5.000000e+00
-1.000000e+00   +1.732051e+00   +5.000000e+00
+2.000000e+00   +0.000000e+00   +5.000000e+00
-1.000000e+00   +1.732051e+00   +5.000000e+00
-2.000000e+00   +2.449294e-16   +5.000000e+00
-2.000000e+00   +2.449294e-16   -5.000000e+00
-1.000000e+00   -1.732051e+00   -5.000000e+00
-2.000000e+00   +2.449294e-16   +5.000000e+00
-1.000000e+00   +1.732051e+00   +5.000000e+00
-2.000000e+00   +2.449294e-16   -5.000000e+00
-2.000000e+00   +2.449294e-16   +5.000000e+00
+2.000000e+00   +0.000000e+00   +5.000000e+00
-2.000000e+00   +2.449294e-16   +5.000000e+00
-1.000000e+00   -1.732051e+00   +5.000000e+00
-2.000000e+00   +2.449294e-16   +5.000000e+00
-1.000000e+00   -1.732051e+00   -5.000000e+00
-1.000000e+00   -1.732051e+00   +5.000000e+00
-1.000000e+00   -1.732051e+00   -5.000000e+00
+1.000000e+00   -1.732051e+00   -5.000000e+00
-1.000000e+00   -1.732051e+00   +5.000000e+00
+1.000000e+00   -1.732051e+00   -5.000000e+00
+2.000000e+00   +0.000000e+00   +5.000000e+00
+1.000000e+00   -1.732051e+00   +5.000000e+00
+2.000000e+00   +0.000000e+00   +5.000000e+00
-1.000000e+00   -1.732051e+00   +5.000000e+00
+1.000000e+00   -1.732051e+00   +5.000000e+00
-1.000000e+00   -1.732051e+00   +5.000000e+00
+1.000000e+00   -1.732051e+00   -5.000000e+00
+1.000000e+00   -1.732051e+00   +5.000000e+00
